<?xml version="1.0" encoding="UTF-8"?>
<testsuites name="Amazon_TestSuite_Login_001" time="55.809" tests="1" failures="0" errors="0">
   <testsuite name="Amazon_TestSuite_Login_001" tests="1" failures="0" errors="0" time="55.809" skipped="0" timestamp="28-01-2024T17:19:10" hostname="faish - 192.168.1.5" id="Test Suites/Amazon_TestSuite/Amazon_TestSuite_Login_001">
      <properties>
         <property name="deviceName" value=""/>
         <property name="devicePlatform" value=""/>
         <property name="logFolder" value="C:\\Users\\faish\\OneDrive\\Desktop\\Software Automation Testing With Katalon\\Reports\\20240128_171856\\Amazon_TestSuite\\Amazon_TestSuite_Login_001\\20240128_171857"/>
         <property name="logFiles" value="C:\\Users\\faish\\OneDrive\\Desktop\\Software Automation Testing With Katalon\\Reports\\20240128_171856\\Amazon_TestSuite\\Amazon_TestSuite_Login_001\\20240128_171857\\execution0.log"/>
         <property name="attachments" value=""/>
         <property name="hostName" value="faish - 192.168.1.5"/>
         <property name="os" value="Windows 11 64bit"/>
         <property name="katalonVersion" value="9.2.0.212"/>
         <property name="browser" value="Edge Chromium 121"/>
         <property name="hostAddress" value="192.168.1.5"/>
         <property name="sessionId" value="e815c71aed40d3de4ac0a4fd1dee4312"/>
         <property name="seleniumVersion" value="3.141.59"/>
         <property name="proxyInformation" value="ProxyInformation { proxyOption=NO_PROXY, proxyServerType=HTTP, username=, password=********, proxyServerAddress=, proxyServerPort=0, executionList=&quot;&quot;, isApplyToDesiredCapabilities=true }"/>
         <property name="platform" value="Windows 11"/>
      </properties>
      <testcase name="Test Cases/Amazon/TC_Amazon_Login_001" time="43.859" classname="Test Cases/Amazon/TC_Amazon_Login_001" status="PASSED">
         <system-out><![CDATA[28-01-2024T17:19:22 - [TEST_CASE][PASSED] - Test Cases/Amazon/TC_Amazon_Login_001: Test Cases/Amazon/TC_Amazon_Login_001

28-01-2024T17:19:22 - [TEST_STEP][PASSED] - Start listener action : sampleBeforeTestCase: Browser is opened with url: ''

28-01-2024T17:19:22 - [TEST_STEP][PASSED] - println(openBrowser("")): Browser is opened with url: ''

28-01-2024T17:19:22 - [MESSAGE][WARNING] - A browser is already opened. Closing browser and opening a new one

28-01-2024T17:19:23 - [MESSAGE][INFO] - Starting 'Edge Chromium' driver

28-01-2024T17:19:23 - [MESSAGE][INFO] - Action delay is set to 0 milliseconds

28-01-2024T17:19:25 - [MESSAGE][PASSED] - Browser is opened with url: ''

28-01-2024T17:19:25 - [TEST_STEP][PASSED] - Start setup action : setupTestCase: Method 'setupTestCase' complete successfully

28-01-2024T17:19:25 - [TEST_STEP][PASSED] - openBrowser(""): Browser is opened with url: ''

28-01-2024T17:19:25 - [MESSAGE][WARNING] - A browser is already opened. Closing browser and opening a new one

28-01-2024T17:19:25 - [MESSAGE][INFO] - Starting 'Edge Chromium' driver

28-01-2024T17:19:25 - [MESSAGE][INFO] - Action delay is set to 0 milliseconds

28-01-2024T17:19:26 - [MESSAGE][PASSED] - Browser is opened with url: ''

28-01-2024T17:19:26 - [TEST_STEP][PASSED] - navigateToUrl("https://www.amazon.com/"): Navigate to 'https://www.amazon.com/' successfully

28-01-2024T17:19:34 - [MESSAGE][PASSED] - Navigate to 'https://www.amazon.com/' successfully

28-01-2024T17:19:34 - [MESSAGE][PASSED] - Method 'setupTestCase' complete successfully

28-01-2024T17:19:34 - [TEST_STEP][PASSED] - openBrowser(""): Browser is opened with url: ''

28-01-2024T17:19:34 - [MESSAGE][WARNING] - A browser is already opened. Closing browser and opening a new one

28-01-2024T17:19:35 - [MESSAGE][INFO] - Starting 'Edge Chromium' driver

28-01-2024T17:19:35 - [MESSAGE][INFO] - Action delay is set to 0 milliseconds

28-01-2024T17:19:36 - [MESSAGE][PASSED] - Browser is opened with url: ''

28-01-2024T17:19:36 - [TEST_STEP][PASSED] - navigateToUrl("https://www.amazon.com/"): Navigate to 'https://www.amazon.com/' successfully

28-01-2024T17:19:44 - [MESSAGE][PASSED] - Navigate to 'https://www.amazon.com/' successfully

28-01-2024T17:19:44 - [TEST_STEP][PASSED] - click(findTestObject("Object Repository/Amazon_Login_OR/Page_Amazon.com. Spend less. Smile more/span_Sign in")): Object: 'Object Repository/Amazon_Login_OR/Page_Amazon.com. Spend less. Smile more/span_Sign in' is clicked on

28-01-2024T17:20:00 - [MESSAGE][PASSED] - Object: 'Object Repository/Amazon_Login_OR/Page_Amazon.com. Spend less. Smile more/span_Sign in' is clicked on

28-01-2024T17:20:00 - [TEST_STEP][PASSED] - setText(findTestObject("Object Repository/Amazon_Login_OR/Page_Amazon Sign-In/input_Email or mobile phone number_email"), "9912667488"): Text '9912667488' is set on object 'Object Repository/Amazon_Login_OR/Page_Amazon Sign-In/input_Email or mobile phone number_email'

28-01-2024T17:20:01 - [MESSAGE][PASSED] - Text '9912667488' is set on object 'Object Repository/Amazon_Login_OR/Page_Amazon Sign-In/input_Email or mobile phone number_email'

28-01-2024T17:20:01 - [TEST_STEP][PASSED] - click(findTestObject("Object Repository/Amazon_Login_OR/Page_Amazon Sign-In/input_Enter your email or mobile phone numb_fc7402")): Object: 'Object Repository/Amazon_Login_OR/Page_Amazon Sign-In/input_Enter your email or mobile phone numb_fc7402' is clicked on

28-01-2024T17:20:04 - [MESSAGE][PASSED] - Object: 'Object Repository/Amazon_Login_OR/Page_Amazon Sign-In/input_Enter your email or mobile phone numb_fc7402' is clicked on

28-01-2024T17:20:04 - [TEST_STEP][PASSED] - setEncryptedText(findTestObject("Object Repository/Amazon_Login_OR/Page_Amazon Sign-In/input_Forgot your password_password"), "WLLQQNs5EWZLJLX2thenaj8G2Ax0LCa1"): Text ****** has been set on object 'Object Repository/Amazon_Login_OR/Page_Amazon Sign-In/input_Forgot your password_password'

28-01-2024T17:20:05 - [MESSAGE][PASSED] - Text ****** has been set on object 'Object Repository/Amazon_Login_OR/Page_Amazon Sign-In/input_Forgot your password_password'

28-01-2024T17:20:05 - [TEST_STEP][PASSED] - click(findTestObject("Object Repository/Amazon_Login_OR/Page_Amazon Sign-In/input_Enter your password_signInSubmit")): Object: 'Object Repository/Amazon_Login_OR/Page_Amazon Sign-In/input_Enter your password_signInSubmit' is clicked on

28-01-2024T17:20:05 - [MESSAGE][PASSED] - Object: 'Object Repository/Amazon_Login_OR/Page_Amazon Sign-In/input_Enter your password_signInSubmit' is clicked on

28-01-2024T17:20:05 - [TEST_STEP][PASSED] - closeBrowser(): Browser is closed

28-01-2024T17:20:06 - [MESSAGE][PASSED] - Browser is closed

28-01-2024T17:20:06 - [TEST_STEP][PASSED] - Start tear down : tearDownTestCase: Method 'tearDownTestCase' complete successfully

28-01-2024T17:20:06 - [TEST_STEP][PASSED] - closeBrowser(): Browser is closed

28-01-2024T17:20:06 - [MESSAGE][PASSED] - Browser is closed

28-01-2024T17:20:06 - [MESSAGE][PASSED] - Method 'tearDownTestCase' complete successfully

28-01-2024T17:20:06 - [TEST_STEP][PASSED] - Start listener action : sampleAfterTestCase: Browser is closed

28-01-2024T17:20:06 - [TEST_STEP][PASSED] - println(closeBrowser()): Browser is closed

28-01-2024T17:20:06 - [MESSAGE][PASSED] - Browser is closed]]></system-out>
         <system-err><![CDATA[]]></system-err>
      </testcase>
      <system-out><![CDATA[28-01-2024T17:19:10 - [TEST_SUITE][PASSED] - Amazon_TestSuite_Login_001: Test Cases/Amazon/TC_Amazon_Login_001]]></system-out>
      <system-err><![CDATA[]]></system-err>
   </testsuite>
</testsuites>
