<?xml version="1.0" encoding="UTF-8"?>
<testsuites name="Amazon_TestSuite_ValidateSearchFieldItem_002" time="80.905" tests="1" failures="0" errors="0">
   <testsuite name="Amazon_TestSuite_ValidateSearchFieldItem_002" tests="1" failures="0" errors="0" time="80.905" skipped="0" timestamp="28-01-2024T17:19:14" hostname="faish - 192.168.1.5" id="Test Suites/Amazon_TestSuite/Amazon_TestSuite_ValidateSearchFieldItem_002">
      <properties>
         <property name="deviceName" value=""/>
         <property name="devicePlatform" value=""/>
         <property name="logFolder" value="C:\\Users\\faish\\OneDrive\\Desktop\\Software Automation Testing With Katalon\\Reports\\20240128_171856\\Amazon_TestSuite\\Amazon_TestSuite_ValidateSearchFieldItem_002\\20240128_171859"/>
         <property name="logFiles" value="C:\\Users\\faish\\OneDrive\\Desktop\\Software Automation Testing With Katalon\\Reports\\20240128_171856\\Amazon_TestSuite\\Amazon_TestSuite_ValidateSearchFieldItem_002\\20240128_171859\\execution0.log"/>
         <property name="attachments" value=""/>
         <property name="hostName" value="faish - 192.168.1.5"/>
         <property name="os" value="Windows 11 64bit"/>
         <property name="katalonVersion" value="9.2.0.212"/>
         <property name="browser" value="Chrome 121.0.0.0"/>
         <property name="hostAddress" value="192.168.1.5"/>
         <property name="sessionId" value="101da59f7cb4b08106079b822dea7436"/>
         <property name="seleniumVersion" value="3.141.59"/>
         <property name="proxyInformation" value="ProxyInformation { proxyOption=NO_PROXY, proxyServerType=HTTP, username=, password=********, proxyServerAddress=, proxyServerPort=0, executionList=&quot;&quot;, isApplyToDesiredCapabilities=true }"/>
         <property name="platform" value="Windows 11"/>
      </properties>
      <testcase name="Test Cases/Amazon/TC_Amazon_ValidateSearchFieldItem_002" time="75.461" classname="Test Cases/Amazon/TC_Amazon_ValidateSearchFieldItem_002" status="PASSED">
         <system-out><![CDATA[28-01-2024T17:19:20 - [TEST_CASE][PASSED] - Test Cases/Amazon/TC_Amazon_ValidateSearchFieldItem_002: Test Cases/Amazon/TC_Amazon_ValidateSearchFieldItem_002

28-01-2024T17:19:20 - [TEST_STEP][PASSED] - Start listener action : sampleBeforeTestCase: Browser is opened with url: ''

28-01-2024T17:19:20 - [TEST_STEP][PASSED] - println(openBrowser("")): Browser is opened with url: ''

28-01-2024T17:19:20 - [MESSAGE][WARNING] - A browser is already opened. Closing browser and opening a new one

28-01-2024T17:19:20 - [MESSAGE][INFO] - Starting 'Chrome' driver

28-01-2024T17:19:20 - [MESSAGE][INFO] - Action delay is set to 0 milliseconds

28-01-2024T17:19:22 - [MESSAGE][PASSED] - Browser is opened with url: ''

28-01-2024T17:19:22 - [TEST_STEP][PASSED] - openBrowser(""): Browser is opened with url: ''

28-01-2024T17:19:22 - [MESSAGE][WARNING] - A browser is already opened. Closing browser and opening a new one

28-01-2024T17:19:23 - [MESSAGE][INFO] - Starting 'Chrome' driver

28-01-2024T17:19:23 - [MESSAGE][INFO] - Action delay is set to 0 milliseconds

28-01-2024T17:19:24 - [MESSAGE][PASSED] - Browser is opened with url: ''

28-01-2024T17:19:24 - [TEST_STEP][PASSED] - navigateToUrl("https://www.amazon.com/"): Navigate to 'https://www.amazon.com/' successfully

28-01-2024T17:19:30 - [MESSAGE][PASSED] - Navigate to 'https://www.amazon.com/' successfully

28-01-2024T17:19:30 - [TEST_STEP][PASSED] - selectOptionByValue(findTestObject("Object Repository/Amazon_ValidateSearchFieldItem_OR/Page_Amazon.com. Spend less. Smile more/select_All Departments        Arts  Crafts _135c92"), "search-alias=stripbooks-intl-ship", true): All options with value 'search-alias=stripbooks-intl-ship' are selected in object 'Object Repository/Amazon_ValidateSearchFieldItem_OR/Page_Amazon.com. Spend less. Smile more/select_All Departments        Arts  Crafts _135c92'  using regular expression

28-01-2024T17:19:33 - [MESSAGE][PASSED] - All options with value 'search-alias=stripbooks-intl-ship' are selected in object 'Object Repository/Amazon_ValidateSearchFieldItem_OR/Page_Amazon.com. Spend less. Smile more/select_All Departments        Arts  Crafts _135c92'  using regular expression

28-01-2024T17:19:33 - [TEST_STEP][PASSED] - setText(findTestObject("Object Repository/Amazon_ValidateSearchFieldItem_OR/Page_Amazon.com. Spend less. Smile more/input_Search Amazon_field-keywords"), "da vinci code"): Text 'da vinci code' is set on object 'Object Repository/Amazon_ValidateSearchFieldItem_OR/Page_Amazon.com. Spend less. Smile more/input_Search Amazon_field-keywords'

28-01-2024T17:19:34 - [MESSAGE][PASSED] - Text 'da vinci code' is set on object 'Object Repository/Amazon_ValidateSearchFieldItem_OR/Page_Amazon.com. Spend less. Smile more/input_Search Amazon_field-keywords'

28-01-2024T17:19:34 - [TEST_STEP][PASSED] - click(findTestObject("Object Repository/Amazon_ValidateSearchFieldItem_OR/Page_Amazon.com. Spend less. Smile more/input_Search Amazon_nav-search-submit-button")): Object: 'Object Repository/Amazon_ValidateSearchFieldItem_OR/Page_Amazon.com. Spend less. Smile more/input_Search Amazon_nav-search-submit-button' is clicked on

28-01-2024T17:19:53 - [MESSAGE][PASSED] - Object: 'Object Repository/Amazon_ValidateSearchFieldItem_OR/Page_Amazon.com. Spend less. Smile more/input_Search Amazon_nav-search-submit-button' is clicked on

28-01-2024T17:19:53 - [TEST_STEP][PASSED] - selectOptionByValue(findTestObject("Object Repository/Amazon_ValidateSearchFieldItem_OR/Page_Amazon.com  da vinci code/select_All Departments        Arts  Crafts _135c92"), "search-alias=electronics-intl-ship", true): All options with value 'search-alias=electronics-intl-ship' are selected in object 'Object Repository/Amazon_ValidateSearchFieldItem_OR/Page_Amazon.com  da vinci code/select_All Departments        Arts  Crafts _135c92'  using regular expression

28-01-2024T17:19:56 - [MESSAGE][PASSED] - All options with value 'search-alias=electronics-intl-ship' are selected in object 'Object Repository/Amazon_ValidateSearchFieldItem_OR/Page_Amazon.com  da vinci code/select_All Departments        Arts  Crafts _135c92'  using regular expression

28-01-2024T17:19:56 - [TEST_STEP][PASSED] - setText(findTestObject("Object Repository/Amazon_ValidateSearchFieldItem_OR/Page_Amazon.com  da vinci code/input_Search Amazon_field-keywords"), "Mobile phones"): Text 'Mobile phones' is set on object 'Object Repository/Amazon_ValidateSearchFieldItem_OR/Page_Amazon.com  da vinci code/input_Search Amazon_field-keywords'

28-01-2024T17:19:57 - [MESSAGE][PASSED] - Text 'Mobile phones' is set on object 'Object Repository/Amazon_ValidateSearchFieldItem_OR/Page_Amazon.com  da vinci code/input_Search Amazon_field-keywords'

28-01-2024T17:19:57 - [TEST_STEP][PASSED] - click(findTestObject("Object Repository/Amazon_ValidateSearchFieldItem_OR/Page_Amazon.com  da vinci code/input_Search Amazon_nav-search-submit-button")): Object: 'Object Repository/Amazon_ValidateSearchFieldItem_OR/Page_Amazon.com  da vinci code/input_Search Amazon_nav-search-submit-button' is clicked on

28-01-2024T17:20:17 - [MESSAGE][PASSED] - Object: 'Object Repository/Amazon_ValidateSearchFieldItem_OR/Page_Amazon.com  da vinci code/input_Search Amazon_nav-search-submit-button' is clicked on

28-01-2024T17:20:17 - [TEST_STEP][PASSED] - selectOptionByValue(findTestObject("Object Repository/Amazon_ValidateSearchFieldItem_OR/Page_Amazon.com  Mobile phones/select_Electronics        All Departments  _28d51a"), "search-alias=aps", true): All options with value 'search-alias=aps' are selected in object 'Object Repository/Amazon_ValidateSearchFieldItem_OR/Page_Amazon.com  Mobile phones/select_Electronics        All Departments  _28d51a'  using regular expression

28-01-2024T17:20:19 - [MESSAGE][PASSED] - All options with value 'search-alias=aps' are selected in object 'Object Repository/Amazon_ValidateSearchFieldItem_OR/Page_Amazon.com  Mobile phones/select_Electronics        All Departments  _28d51a'  using regular expression

28-01-2024T17:20:19 - [TEST_STEP][PASSED] - setText(findTestObject("Object Repository/Amazon_ValidateSearchFieldItem_OR/Page_Amazon.com  Mobile phones/input_Search Amazon_field-keywords"), "Washing Machines"): Text 'Washing Machines' is set on object 'Object Repository/Amazon_ValidateSearchFieldItem_OR/Page_Amazon.com  Mobile phones/input_Search Amazon_field-keywords'

28-01-2024T17:20:20 - [MESSAGE][PASSED] - Text 'Washing Machines' is set on object 'Object Repository/Amazon_ValidateSearchFieldItem_OR/Page_Amazon.com  Mobile phones/input_Search Amazon_field-keywords'

28-01-2024T17:20:20 - [TEST_STEP][PASSED] - click(findTestObject("Object Repository/Amazon_ValidateSearchFieldItem_OR/Page_Amazon.com  Mobile phones/input_Search Amazon_nav-search-submit-button")): Object: 'Object Repository/Amazon_ValidateSearchFieldItem_OR/Page_Amazon.com  Mobile phones/input_Search Amazon_nav-search-submit-button' is clicked on

28-01-2024T17:20:28 - [MESSAGE][PASSED] - Object: 'Object Repository/Amazon_ValidateSearchFieldItem_OR/Page_Amazon.com  Mobile phones/input_Search Amazon_nav-search-submit-button' is clicked on

28-01-2024T17:20:28 - [TEST_STEP][PASSED] - setText(findTestObject("Object Repository/Amazon_ValidateSearchFieldItem_OR/Page_Amazon.com  Washing Machines/input_Search Amazon_field-keywords"), "Wooden Tables"): Text 'Wooden Tables' is set on object 'Object Repository/Amazon_ValidateSearchFieldItem_OR/Page_Amazon.com  Washing Machines/input_Search Amazon_field-keywords'

28-01-2024T17:20:30 - [MESSAGE][PASSED] - Text 'Wooden Tables' is set on object 'Object Repository/Amazon_ValidateSearchFieldItem_OR/Page_Amazon.com  Washing Machines/input_Search Amazon_field-keywords'

28-01-2024T17:20:30 - [TEST_STEP][PASSED] - click(findTestObject("Object Repository/Amazon_ValidateSearchFieldItem_OR/Page_Amazon.com  Washing Machines/input_Search Amazon_nav-search-submit-button")): Object: 'Object Repository/Amazon_ValidateSearchFieldItem_OR/Page_Amazon.com  Washing Machines/input_Search Amazon_nav-search-submit-button' is clicked on

28-01-2024T17:20:35 - [MESSAGE][PASSED] - Object: 'Object Repository/Amazon_ValidateSearchFieldItem_OR/Page_Amazon.com  Washing Machines/input_Search Amazon_nav-search-submit-button' is clicked on

28-01-2024T17:20:35 - [TEST_STEP][PASSED] - closeBrowser(): Browser is closed

28-01-2024T17:20:35 - [MESSAGE][PASSED] - Browser is closed

28-01-2024T17:20:35 - [TEST_STEP][PASSED] - Start listener action : sampleAfterTestCase: Browser is closed

28-01-2024T17:20:35 - [TEST_STEP][PASSED] - println(closeBrowser()): Browser is closed

28-01-2024T17:20:35 - [MESSAGE][PASSED] - Browser is closed]]></system-out>
         <system-err><![CDATA[]]></system-err>
      </testcase>
      <system-out><![CDATA[28-01-2024T17:19:14 - [TEST_SUITE][PASSED] - Amazon_TestSuite_ValidateSearchFieldItem_002: Test Cases/Amazon/TC_Amazon_ValidateSearchFieldItem_002]]></system-out>
      <system-err><![CDATA[]]></system-err>
   </testsuite>
</testsuites>
